# JRE version: OpenJDK Runtime Environment Temurin-17.0.5+8 (17.0.5+8) (build 17.0.5+8)
# Java VM: OpenJDK 64-Bit Server VM Temurin-17.0.5+8 (17.0.5+8, mixed mode, emulated-client, tiered, compressed oops, compressed class ptrs, g1 gc, windows-amd64)
GC Precious Log:
 CPUs: 12 total, 12 available
 Memory: 11621M
 Large Page Support: Disabled
 NUMA Support: Disabled
 Compressed Oops: Enabled (32-bit)
 Heap Region Size: 1M
 Heap Min Capacity: 8M
 Heap Initial Capacity: 182M
 Heap Max Capacity: 1G
 Pre-touch: Disabled
 Parallel Workers: 10
 Concurrent Workers: 3
 Concurrent Refinement Workers: 10
 Periodic GC: Disabled
Heap:
 garbage-first heap   total 283648K, used 90086K [0x00000000c0000000, 0x0000000100000000)
  region size 1024K, 7 young (7168K), 0 survivors (0K)
 Metaspace       used 69282K, committed 70016K, reserved 1114112K
  class space    used 9375K, committed 9664K, reserved 1048576K
GC Heap History (20 events):
Event: 601.822 GC heap before
{Heap before GC invocations=81 (full 42):
 garbage-first heap   total 283648K, used 84263K [0x00000000c0000000, 0x0000000100000000)
  region size 1024K, 1 young (1024K), 0 survivors (0K)
 Metaspace       used 69281K, committed 70016K, reserved 1114112K
  class space    used 9374K, committed 9664K, reserved 1048576K
}
Event: 601.857 GC heap after
{Heap after GC invocations=82 (full 43):
 garbage-first heap   total 283648K, used 84263K [0x00000000c0000000, 0x0000000100000000)
  region size 1024K, 0 young (0K), 0 survivors (0K)
 Metaspace       used 69281K, committed 70016K, reserved 1114112K
  class space    used 9374K, committed 9664K, reserved 1048576K
}
Event: 611.972 GC heap before
{Heap before GC invocations=82 (full 43):
 garbage-first heap   total 283648K, used 84263K [0x00000000c0000000, 0x0000000100000000)
  region size 1024K, 1 young (1024K), 0 survivors (0K)
 Metaspace       used 69281K, committed 70016K, reserved 1114112K
  class space    used 9374K, committed 9664K, reserved 1048576K
}
Event: 612.009 GC heap after
{Heap after GC invocations=83 (full 44):
 garbage-first heap   total 283648K, used 84263K [0x00000000c0000000, 0x0000000100000000)
  region size 1024K, 0 young (0K), 0 survivors (0K)
 Metaspace       used 69281K, committed 70016K, reserved 1114112K
  class space    used 9374K, committed 9664K, reserved 1048576K
}
Event: 622.114 GC heap before
{Heap before GC invocations=83 (full 44):
 garbage-first heap   total 283648K, used 84263K [0x00000000c0000000, 0x0000000100000000)
  region size 1024K, 1 young (1024K), 0 survivors (0K)
 Metaspace       used 69281K, committed 70016K, reserved 1114112K
  class space    used 9374K, committed 9664K, reserved 1048576K
}
Event: 622.148 GC heap after
{Heap after GC invocations=84 (full 45):
 garbage-first heap   total 283648K, used 84263K [0x00000000c0000000, 0x0000000100000000)
  region size 1024K, 0 young (0K), 0 survivors (0K)
 Metaspace       used 69281K, committed 70016K, reserved 1114112K
  class space    used 9374K, committed 9664K, reserved 1048576K
}
Event: 632.248 GC heap before
{Heap before GC invocations=84 (full 45):
 garbage-first heap   total 283648K, used 84263K [0x00000000c0000000, 0x0000000100000000)
  region size 1024K, 1 young (1024K), 0 survivors (0K)
 Metaspace       used 69281K, committed 70016K, reserved 1114112K
  class space    used 9374K, committed 9664K, reserved 1048576K
}
Event: 632.283 GC heap after
{Heap after GC invocations=85 (full 46):
 garbage-first heap   total 283648K, used 84263K [0x00000000c0000000, 0x0000000100000000)
  region size 1024K, 0 young (0K), 0 survivors (0K)
 Metaspace       used 69281K, committed 70016K, reserved 1114112K
  class space    used 9374K, committed 9664K, reserved 1048576K
}
Event: 642.383 GC heap before
{Heap before GC invocations=85 (full 46):
 garbage-first heap   total 283648K, used 84263K [0x00000000c0000000, 0x0000000100000000)
  region size 1024K, 1 young (1024K), 0 survivors (0K)
 Metaspace       used 69281K, committed 70016K, reserved 1114112K
  class space    used 9374K, committed 9664K, reserved 1048576K
}
Event: 642.420 GC heap after
{Heap after GC invocations=86 (full 47):
 garbage-first heap   total 283648K, used 84263K [0x00000000c0000000, 0x0000000100000000)
  region size 1024K, 0 young (0K), 0 survivors (0K)
 Metaspace       used 69281K, committed 70016K, reserved 1114112K
  class space    used 9374K, committed 9664K, reserved 1048576K
}
Event: 652.525 GC heap before
{Heap before GC invocations=86 (full 47):
 garbage-first heap   total 283648K, used 84263K [0x00000000c0000000, 0x0000000100000000)
  region size 1024K, 1 young (1024K), 0 survivors (0K)
 Metaspace       used 69281K, committed 70016K, reserved 1114112K
  class space    used 9374K, committed 9664K, reserved 1048576K
}
Event: 652.561 GC heap after
{Heap after GC invocations=87 (full 48):
 garbage-first heap   total 283648K, used 84263K [0x00000000c0000000, 0x0000000100000000)
  region size 1024K, 0 young (0K), 0 survivors (0K)
 Metaspace       used 69281K, committed 70016K, reserved 1114112K
  class space    used 9374K, committed 9664K, reserved 1048576K
}
Event: 662.662 GC heap before
{Heap before GC invocations=87 (full 48):
 garbage-first heap   total 283648K, used 84263K [0x00000000c0000000, 0x0000000100000000)
  region size 1024K, 1 young (1024K), 0 survivors (0K)
 Metaspace       used 69281K, committed 70016K, reserved 1114112K
  class space    used 9374K, committed 9664K, reserved 1048576K
}
Event: 662.699 GC heap after
{Heap after GC invocations=88 (full 49):
 garbage-first heap   total 283648K, used 84263K [0x00000000c0000000, 0x0000000100000000)
  region size 1024K, 0 young (0K), 0 survivors (0K)
 Metaspace       used 69281K, committed 70016K, reserved 1114112K
  class space    used 9374K, committed 9664K, reserved 1048576K
}
Event: 672.810 GC heap before
{Heap before GC invocations=88 (full 49):
 garbage-first heap   total 283648K, used 84263K [0x00000000c0000000, 0x0000000100000000)
  region size 1024K, 1 young (1024K), 0 survivors (0K)
 Metaspace       used 69281K, committed 70016K, reserved 1114112K
  class space    used 9374K, committed 9664K, reserved 1048576K
}
Event: 672.843 GC heap after
{Heap after GC invocations=89 (full 50):
 garbage-first heap   total 283648K, used 83942K [0x00000000c0000000, 0x0000000100000000)
  region size 1024K, 0 young (0K), 0 survivors (0K)
 Metaspace       used 69281K, committed 70016K, reserved 1114112K
  class space    used 9374K, committed 9664K, reserved 1048576K
}
Event: 682.952 GC heap before
{Heap before GC invocations=89 (full 50):
 garbage-first heap   total 283648K, used 83942K [0x00000000c0000000, 0x0000000100000000)
  region size 1024K, 1 young (1024K), 0 survivors (0K)
 Metaspace       used 69281K, committed 70016K, reserved 1114112K
  class space    used 9374K, committed 9664K, reserved 1048576K
}
Event: 682.987 GC heap after
{Heap after GC invocations=90 (full 51):
 garbage-first heap   total 283648K, used 83942K [0x00000000c0000000, 0x0000000100000000)
  region size 1024K, 0 young (0K), 0 survivors (0K)
 Metaspace       used 69281K, committed 70016K, reserved 1114112K
  class space    used 9374K, committed 9664K, reserved 1048576K
}
Event: 693.089 GC heap before
{Heap before GC invocations=90 (full 51):
 garbage-first heap   total 283648K, used 83942K [0x00000000c0000000, 0x0000000100000000)
  region size 1024K, 1 young (1024K), 0 survivors (0K)
 Metaspace       used 69281K, committed 70016K, reserved 1114112K
  class space    used 9374K, committed 9664K, reserved 1048576K
}
Event: 693.125 GC heap after
{Heap after GC invocations=91 (full 52):
 garbage-first heap   total 283648K, used 83942K [0x00000000c0000000, 0x0000000100000000)
  region size 1024K, 0 young (0K), 0 survivors (0K)
 Metaspace       used 69281K, committed 70016K, reserved 1114112K
  class space    used 9374K, committed 9664K, reserved 1048576K
}

